[debug] [2025-04-01T11:54:33.633Z] ----------------------------------------------------------------------
[debug] [2025-04-01T11:54:33.636Z] Command:       C:\Program Files\node.exe C:\Users\Aditya\AppData\Roaming\npm\node_modules\firebase-tools\lib\bin\firebase.js init
[debug] [2025-04-01T11:54:33.636Z] CLI Version:   14.0.1
[debug] [2025-04-01T11:54:33.637Z] Platform:      win32
[debug] [2025-04-01T11:54:33.637Z] Node Version:  v20.12.2
[debug] [2025-04-01T11:54:33.637Z] Time:          Tue Apr 01 2025 17:24:33 GMT+0530 (India Standard Time)
[debug] [2025-04-01T11:54:33.637Z] ----------------------------------------------------------------------
[debug] 
[debug] [2025-04-01T11:54:33.643Z] > command requires scopes: ["email","openid","https://www.googleapis.com/auth/cloudplatformprojects.readonly","https://www.googleapis.com/auth/firebase","https://www.googleapis.com/auth/cloud-platform"]
[debug] [2025-04-01T11:54:33.643Z] > authorizing via signed-in user (eng21cs0017@dsu.edu.in)
[info] 
     ######## #### ########  ######## ########     ###     ######  ########
     ##        ##  ##     ## ##       ##     ##  ##   ##  ##       ##
     ######    ##  ########  ######   ########  #########  ######  ######
     ##        ##  ##    ##  ##       ##     ## ##     ##       ## ##
     ##       #### ##     ## ######## ########  ##     ##  ######  ########

You're about to initialize a Firebase project in this directory:

  C:\PORTFOLIO ADI

Before we get started, keep in mind:

  * You are currently outside your home directory

[info] 
=== Project Setup
[info] 
[info] First, let's associate this project directory with a Firebase project.
[info] You can create multiple project aliases by running firebase use --add, 
[info] but for now we'll just set up a default project.
[info] 
[info] i  If you want to create a project in a Google Cloud organization or folder, please use "firebase projects:create" instead, and return to this command when you've created the project. 
[debug] [2025-04-01T11:56:44.422Z] Checked if tokens are valid: true, expires at: 1743511797090
[debug] [2025-04-01T11:56:44.423Z] Checked if tokens are valid: true, expires at: 1743511797090
[debug] [2025-04-01T11:56:44.430Z] >>> [apiv2][query] POST https://cloudresourcemanager.googleapis.com/v1/projects [none]
[debug] [2025-04-01T11:56:44.430Z] >>> [apiv2][body] POST https://cloudresourcemanager.googleapis.com/v1/projects {"projectId":"\"C:\\PORTFOLIO ADI\"","name":"\"C:\\PORTFOLIO ADI\""}
[debug] [2025-04-01T11:56:45.846Z] <<< [apiv2][status] POST https://cloudresourcemanager.googleapis.com/v1/projects 400
[debug] [2025-04-01T11:56:45.846Z] <<< [apiv2][body] POST https://cloudresourcemanager.googleapis.com/v1/projects {"error":{"code":400,"message":"Request contains an invalid argument.","status":"INVALID_ARGUMENT","details":[{"@type":"type.googleapis.com/google.rpc.BadRequest","fieldViolations":[{"field":"project_id","description":"Cannot create domain prefixed projects"},{"field":"project_id","description":"project_id contains invalid characters"},{"field":"display_name","description":"project display name contains invalid characters"}]},{"@type":"type.googleapis.com/google.rpc.Help","links":[{"url":"https://cloud.google.com/resource-manager/reference/rest/v1/projects"}]}]}}
[debug] [2025-04-01T11:56:46.013Z] FirebaseError: Request to https://cloudresourcemanager.googleapis.com/v1/projects had HTTP Error: 400, Request contains an invalid argument.
    at responseToError (C:\Users\Aditya\AppData\Roaming\npm\node_modules\firebase-tools\lib\responseToError.js:52:12)
    at RetryOperation._fn (C:\Users\Aditya\AppData\Roaming\npm\node_modules\firebase-tools\lib\apiv2.js:312:77)
    at process.processTicksAndRejections (node:internal/process/task_queues:95:5)
[error] 
[error] Error: Failed to create project. See firebase-debug.log for more info.
